#
# A fatal error has been detected by the Java Runtime Environment:
#
#  EXCEPTION_ACCESS_VIOLATION (0xc0000005) at pc=0x00007ffcce1068bf, pid=9464, tid=0x00000000000009fc
#
# JRE version: Java(TM) SE Runtime Environment (8.0_111-b14) (build 1.8.0_111-b14)
# Java VM: Java HotSpot(TM) 64-Bit Server VM (25.111-b14 mixed mode windows-amd64 compressed oops)
# Problematic frame:
# C  [jcef.dll+0x468bf]
#
# Failed to write core dump. Minidumps are not enabled by default on client versions of Windows
#
# If you would like to submit a bug report, please visit:
#   http://bugreport.java.com/bugreport/crash.jsp
#

---------------  T H R E A D  ---------------

Current thread (0x000000001a257000):  VMThread [stack: 0x000000001b2f0000,0x000000001b3f0000] [id=2556]

siginfo: ExceptionCode=0xc0000005, reading address 0x00000000000000b0

Registers:
RAX=0x0000000000000000, RBX=0x0000000020d67b50, RCX=0x000000001a2571f8, RDX=0x0000000003111538
RSP=0x000000001b3eee40, RBP=0x0000000000000000, RSI=0x0000000020d5e480, RDI=0x0000000020d5e4f0
R8 =0x0000000000000001, R9 =0x0000000000000000, R10=0x000000001b3eee78, R11=0x0000000000000000
R12=0x0000000001138cc0, R13=0x0000000000000000, R14=0x0000000000000001, R15=0x0000000000000001
RIP=0x00007ffcce1068bf, EFLAGS=0x0000000000010202

Top of Stack: (sp=0x000000001b3eee40)
0x000000001b3eee40:   0000000020d67b50 0000000000000000
0x000000001b3eee50:   0000000000000000 00007ffc04000004
0x000000001b3eee60:   0000000000000001 00007ffcce1080de
0x000000001b3eee70:   0000000000000001 000000001a2571f8
0x000000001b3eee80:   0000000020d67b50 0000000021fb92a0
0x000000001b3eee90:   0000000021f64460 00007ffcce10b1e8
0x000000001b3eeea0:   0000000020d67b50 00007ffcce25ebd0
0x000000001b3eeeb0:   0000000021f8d0b0 00000000010d8ba0
0x000000001b3eeec0:   0000000000000001 00007ffcce15c6f2
0x000000001b3eeed0:   0000000000000000 00007ffcce25ebd0
0x000000001b3eeee0:   0000000001138cc0 0000000021f8df60
0x000000001b3eeef0:   0000000021f64430 00007ffcce15da62
0x000000001b3eef00:   0000000000000000 00007ffcce25ebd0
0x000000001b3eef10:   0000000001138cc0 0000000022069800
0x000000001b3eef20:   0000000000000000 00007ffca40664d8
0x000000001b3eef30:   0000000000000000 0000000021f8df60 

Instructions: (pc=0x00007ffcce1068bf)
0x00007ffcce10689f:   00 c6 44 24 30 00 e8 3f dc fb ff 85 c0 75 21 48
0x00007ffcce1068af:   8b 4c 24 38 48 85 c9 74 17 48 8b 01 48 8b 57 a0
0x00007ffcce1068bf:   ff 90 b0 00 00 00 48 8d 4c 24 30 e8 b3 cf fb ff
0x00007ffcce1068cf:   48 8d 4f c8 e8 78 bc 04 00 4c 8b 47 b8 48 8d 54 


Register to memory mapping:

RAX=0x0000000000000000 is an unknown value
RBX=0x0000000020d67b50 is an unknown value
RCX=0x000000001a2571f8 is an unknown value
RDX=0x0000000003111538 is a global jni handle
RSP=0x000000001b3eee40 is an unknown value
RBP=0x0000000000000000 is an unknown value
RSI=0x0000000020d5e480 is an unknown value
RDI=0x0000000020d5e4f0 is an unknown value
R8 =0x0000000000000001 is an unknown value
R9 =0x0000000000000000 is an unknown value
R10=0x000000001b3eee78 is an unknown value
R11=0x0000000000000000 is an unknown value
R12=0x0000000001138cc0 is an unknown value
R13=0x0000000000000000 is an unknown value
R14=0x0000000000000001 is an unknown value
R15=0x0000000000000001 is an unknown value


Stack: [0x000000001b2f0000,0x000000001b3f0000],  sp=0x000000001b3eee40,  free space=1019k
Native frames: (J=compiled Java code, j=interpreted, Vv=VM code, C=native code)

VM_Operation (0x000000000301ef40): Exit, mode: safepoint, requested by thread 0x0000000003027000


---------------  P R O C E S S  ---------------

Java Threads: ( => current thread )
  0x000000001c75f800 JavaThread "Thread-13" daemon [_thread_in_native, id=3212, stack(0x0000000020b50000,0x0000000020c50000)]
  0x000000001c761800 JavaThread "TimerQueue" daemon [_thread_blocked, id=2120, stack(0x0000000022710000,0x0000000022810000)]
  0x000000001c764000 JavaThread "AWT-EventQueue-0" [_thread_blocked, id=7416, stack(0x000000001f7c0000,0x000000001f8c0000)]
  0x000000001c765800 JavaThread "AWT-Shutdown" [_thread_blocked, id=7960, stack(0x000000001eef0000,0x000000001eff0000)]
  0x000000001c764800 JavaThread "Java2D Disposer" daemon [_thread_blocked, id=1080, stack(0x000000001ec50000,0x000000001ed50000)]
  0x000000001c763000 JavaThread "Scheduler-1846236238" [_thread_blocked, id=12048, stack(0x000000001e510000,0x000000001e610000)]
  0x000000001cbf6800 JavaThread "qtp1938420360-19" [_thread_in_native, id=11736, stack(0x000000001e410000,0x000000001e510000)]
  0x000000001cbf5800 JavaThread "qtp1938420360-18-acceptor-0@1dce95b8-ServerConnector@38b7c695{HTTP/1.1,[http/1.1]}{0.0.0.0:4567}" [_thread_in_native, id=4112, stack(0x000000001e310000,0x000000001e410000)]
  0x000000001cbee800 JavaThread "qtp1938420360-17" [_thread_in_native, id=2000, stack(0x000000001e210000,0x000000001e310000)]
  0x000000001cbee000 JavaThread "qtp1938420360-16" [_thread_blocked, id=1768, stack(0x000000001e110000,0x000000001e210000)]
  0x000000001cbed000 JavaThread "qtp1938420360-15" [_thread_blocked, id=9840, stack(0x000000001e010000,0x000000001e110000)]
  0x000000001cbec800 JavaThread "qtp1938420360-14" [_thread_blocked, id=4476, stack(0x000000001df10000,0x000000001e010000)]
  0x000000001cbe1800 JavaThread "qtp1938420360-13" [_thread_blocked, id=9600, stack(0x000000001de10000,0x000000001df10000)]
  0x000000001cbe5800 JavaThread "qtp1938420360-12" [_thread_blocked, id=11140, stack(0x000000001dd10000,0x000000001de10000)]
  0x000000001ca0e000 JavaThread "Thread-0" [_thread_blocked, id=1156, stack(0x000000001dc10000,0x000000001dd10000)]
  0x000000001a2ed800 JavaThread "Service Thread" daemon [_thread_blocked, id=5616, stack(0x000000001c0f0000,0x000000001c1f0000)]
  0x000000001a2de800 JavaThread "C1 CompilerThread2" daemon [_thread_blocked, id=12928, stack(0x000000001bff0000,0x000000001c0f0000)]
  0x000000001a2c9000 JavaThread "C2 CompilerThread1" daemon [_thread_blocked, id=11972, stack(0x000000001bef0000,0x000000001bff0000)]
  0x000000001b933800 JavaThread "C2 CompilerThread0" daemon [_thread_blocked, id=7148, stack(0x000000001bdf0000,0x000000001bef0000)]
  0x000000001a2cb800 JavaThread "Monitor Ctrl-Break" daemon [_thread_in_native, id=4144, stack(0x000000001bcf0000,0x000000001bdf0000)]
  0x000000001a296000 JavaThread "Attach Listener" daemon [_thread_blocked, id=11880, stack(0x000000001b7f0000,0x000000001b8f0000)]
  0x000000001a280000 JavaThread "Finalizer" daemon [_thread_blocked, id=14144, stack(0x000000001b4f0000,0x000000001b5f0000)]
  0x0000000003118000 JavaThread "Reference Handler" daemon [_thread_blocked, id=13416, stack(0x000000001b3f0000,0x000000001b4f0000)]
  0x0000000003027000 JavaThread "main" [_thread_blocked, id=13948, stack(0x0000000002f20000,0x0000000003020000)]

Other Threads:
=>0x000000001a257000 VMThread [stack: 0x000000001b2f0000,0x000000001b3f0000] [id=2556]

VM state:at safepoint (shutting down)

VM Mutex/Monitor currently owned by a thread:  ([mutex/lock_event])
[0x000000000151e6e0] Threads_lock - owner thread: 0x000000001a257000

Heap:
 PSYoungGen      total 57344K, used 13779K [0x0000000780a00000, 0x0000000784a00000, 0x00000007c0000000)
  eden space 49152K, 14% used [0x0000000780a00000,0x00000007810dbae0,0x0000000783a00000)
  from space 8192K, 82% used [0x0000000783a00000,0x0000000784099458,0x0000000784200000)
  to   space 8192K, 0% used [0x0000000784200000,0x0000000784200000,0x0000000784a00000)
 ParOldGen       total 131072K, used 16K [0x0000000701e00000, 0x0000000709e00000, 0x0000000780a00000)
  object space 131072K, 0% used [0x0000000701e00000,0x0000000701e04000,0x0000000709e00000)
 Metaspace       used 16311K, capacity 16582K, committed 16896K, reserved 1064960K
  class space    used 2119K, capacity 2216K, committed 2304K, reserved 1048576K

Card table byte_map: [0x00000000125e0000,0x0000000012be0000] byte_map_base: 0x000000000edd1000

Marking Bits: (ParMarkBitMap*) 0x00000000553da6c0
 Begin Bits: [0x00000000133e0000, 0x0000000016368000)
 End Bits:   [0x0000000016368000, 0x00000000192f0000)

Polling page: 0x0000000001520000

CodeCache: size=245760Kb used=3845Kb max_used=3853Kb free=241914Kb
 bounds [0x0000000003220000, 0x00000000035f0000, 0x0000000012220000]
 total_blobs=1633 nmethods=1089 adapters=457
 compilation: enabled

Compilation events (10 events):
Event: 3.853 Thread 0x000000001a2de800 1085       3       java.lang.String::codePointAt (36 bytes)
Event: 3.853 Thread 0x000000001a2de800 nmethod 1085 0x00000000035dc310 code [0x00000000035dc4a0, 0x00000000035dc718]
Event: 3.853 Thread 0x000000001a2de800 1086       3       java.lang.Character::codePointAtImpl (41 bytes)
Event: 3.854 Thread 0x000000001a2de800 nmethod 1086 0x00000000035e1690 code [0x00000000035e1820, 0x00000000035e1cb0]
Event: 3.854 Thread 0x000000001a2de800 1087       3       java.util.regex.Pattern::peek (26 bytes)
Event: 3.854 Thread 0x000000001a2de800 nmethod 1087 0x00000000035dbd90 code [0x00000000035dbf00, 0x00000000035dc1c8]
Event: 3.854 Thread 0x000000001b933800 1088       4       com.intellij.rt.execution.junit.MapSerializerUtil$1::escape (124 bytes)
Event: 3.855 Thread 0x000000001b933800 nmethod 1088 0x00000000035e4bd0 code [0x00000000035e4d00, 0x00000000035e4e38]
Event: 3.855 Thread 0x000000001a2de800 1089   !   3       java.util.zip.ZipFile::releaseInflater (41 bytes)
Event: 3.856 Thread 0x000000001a2de800 nmethod 1089 0x00000000035e4010 code [0x00000000035e41c0, 0x00000000035e48d8]

GC Heap History (2 events):
Event: 3.417 GC heap before
{Heap before GC invocations=1 (full 0):
 PSYoungGen      total 57344K, used 48400K [0x0000000780a00000, 0x0000000784a00000, 0x00000007c0000000)
  eden space 49152K, 98% used [0x0000000780a00000,0x0000000783944200,0x0000000783a00000)
  from space 8192K, 0% used [0x0000000784200000,0x0000000784200000,0x0000000784a00000)
  to   space 8192K, 0% used [0x0000000783a00000,0x0000000783a00000,0x0000000784200000)
 ParOldGen       total 131072K, used 0K [0x0000000701e00000, 0x0000000709e00000, 0x0000000780a00000)
  object space 131072K, 0% used [0x0000000701e00000,0x0000000701e00000,0x0000000709e00000)
 Metaspace       used 15549K, capacity 15840K, committed 16256K, reserved 1062912K
  class space    used 2009K, capacity 2119K, committed 2176K, reserved 1048576K
Event: 3.425 GC heap after
Heap after GC invocations=1 (full 0):
 PSYoungGen      total 57344K, used 6757K [0x0000000780a00000, 0x0000000784a00000, 0x00000007c0000000)
  eden space 49152K, 0% used [0x0000000780a00000,0x0000000780a00000,0x0000000783a00000)
  from space 8192K, 82% used [0x0000000783a00000,0x0000000784099458,0x0000000784200000)
  to   space 8192K, 0% used [0x0000000784200000,0x0000000784200000,0x0000000784a00000)
 ParOldGen       total 131072K, used 16K [0x0000000701e00000, 0x0000000709e00000, 0x0000000780a00000)
  object space 131072K, 0% used [0x0000000701e00000,0x0000000701e04000,0x0000000709e00000)
 Metaspace       used 15549K, capacity 15840K, committed 16256K, reserved 1062912K
  class space    used 2009K, capacity 2119K, committed 2176K, reserved 1048576K
}

Deoptimization events (9 events):
Event: 0.832 Thread 0x000000001ca0e000 Uncommon trap: reason=unstable_if action=reinterpret pc=0x00000000033aa964 method=java.lang.String.indexOf([CII[CIII)I @ 3
Event: 0.866 Thread 0x000000001ca0e000 Uncommon trap: reason=null_check action=make_not_entrant pc=0x0000000003416ed4 method=java.lang.String.equals(Ljava/lang/Object;)Z @ 8
Event: 1.237 Thread 0x000000001ca0e000 Uncommon trap: reason=unstable_if action=reinterpret pc=0x00000000034071f8 method=java.io.WinNTFileSystem.normalize(Ljava/lang/String;)Ljava/lang/String; @ 128
Event: 3.008 Thread 0x0000000003027000 Uncommon trap: reason=unstable_if action=reinterpret pc=0x000000000351bde4 method=java.util.zip.ZipFile$ZipFileInputStream.read([BII)I @ 24
Event: 3.086 Thread 0x000000001c75f800 Uncommon trap: reason=unstable_if action=reinterpret pc=0x00000000034acedc method=java.lang.AbstractStringBuilder.append(Ljava/lang/String;)Ljava/lang/AbstractStringBuilder; @ 1
Event: 3.087 Thread 0x000000001c75f800 Uncommon trap: reason=unstable_if action=reinterpret pc=0x000000000341f158 method=java.lang.AbstractStringBuilder.append(Ljava/lang/String;)Ljava/lang/AbstractStringBuilder; @ 1
Event: 3.090 Thread 0x000000001c75f800 Uncommon trap: reason=unstable_if action=reinterpret pc=0x0000000003516188 method=java.util.HashMap.hash(Ljava/lang/Object;)I @ 1
Event: 3.304 Thread 0x000000001c75f800 Uncommon trap: reason=predicate action=maybe_recompile pc=0x000000000354950c method=java.lang.String.regionMatches(ZILjava/lang/String;II)Z @ 63
Event: 3.893 Thread 0x000000001c75f800 Uncommon trap: reason=bimorphic action=maybe_recompile pc=0x00000000035c5878 method=java.util.HashMap.putVal(ILjava/lang/Object;Ljava/lang/Object;ZZ)Ljava/lang/Object; @ 203

Internal exceptions (10 events):
Event: 0.485 Thread 0x0000000003027000 Exception <a 'java/lang/NoSuchFieldError': method resolution failed> (0x000000078151f728) thrown at [C:\re\workspace\8-2-build-windows-amd64-cygwin\jdk8u111\7883\hotspot\src\share\vm\prims\methodHandles.cpp, line 1146]
Event: 0.488 Thread 0x0000000003027000 Exception <a 'java/lang/NoSuchFieldError': method resolution failed> (0x000000078152d6b8) thrown at [C:\re\workspace\8-2-build-windows-amd64-cygwin\jdk8u111\7883\hotspot\src\share\vm\prims\methodHandles.cpp, line 1146]
Event: 0.866 Thread 0x000000001ca0e000 Implicit null exception at 0x0000000003416cdb to 0x0000000003416ec5
Event: 3.028 Thread 0x0000000003027000 Exception <a 'java/io/FileNotFoundException'> (0x0000000782f27438) thrown at [C:\re\workspace\8-2-build-windows-amd64-cygwin\jdk8u111\7883\hotspot\src\share\vm\prims\jni.cpp, line 709]
Event: 3.049 Thread 0x000000001c75f800 Exception <a 'java/io/FileNotFoundException'> (0x0000000782e25400) thrown at [C:\re\workspace\8-2-build-windows-amd64-cygwin\jdk8u111\7883\hotspot\src\share\vm\prims\jni.cpp, line 709]
Event: 3.086 Thread 0x000000001c75f800 Implicit null exception at 0x00000000034acb16 to 0x00000000034acec5
Event: 3.087 Thread 0x000000001c75f800 Implicit null exception at 0x000000000341ed96 to 0x000000000341f13d
Event: 3.090 Thread 0x000000001c75f800 Implicit null exception at 0x0000000003515f55 to 0x0000000003516179
Event: 3.848 Thread 0x0000000003027000 Exception <a 'java/lang/NullPointerException'> (0x0000000780e24920) thrown at [C:\re\workspace\8-2-build-windows-amd64-cygwin\jdk8u111\7883\hotspot\src\share\vm\interpreter\linkResolver.cpp, line 1178]
Event: 3.848 Thread 0x0000000003027000 Exception <a 'java/lang/reflect/InvocationTargetException'> (0x0000000780e24b28) thrown at [C:\re\workspace\8-2-build-windows-amd64-cygwin\jdk8u111\7883\hotspot\src\share\vm\runtime\reflection.cpp, line 1092]

Events (10 events):
Event: 3.861 Thread 0x000000001cb0d000 Thread exited: 0x000000001cb0d000
Event: 3.892 loading class org/cef/callback/CefQueryCallback
Event: 3.892 loading class org/cef/callback/CefQueryCallback done
Event: 3.893 Thread 0x000000001c75f800 Uncommon trap: trap_request=0xffffffc6 fr.pc=0x00000000035c5878
Event: 3.893 Thread 0x000000001c75f800 DEOPT PACKING pc=0x00000000035c5878 sp=0x0000000020c4e2a0
Event: 3.893 Thread 0x000000001c75f800 DEOPT UNPACKING pc=0x000000000326582a sp=0x0000000020c4e218 mode 2
Event: 3.914 Thread 0x000000001c766000 Thread exited: 0x000000001c766000
Event: 3.961 Thread 0x000000001c762800 Thread exited: 0x000000001c762800
Event: 3.961 Thread 0x000000001a295000 Thread exited: 0x000000001a295000
Event: 3.961 Executing VM operation: Exit


Dynamic libraries:
0x00007ff6d47e0000 - 0x00007ff6d4817000 	D:\Programy\Java\jdk1.8.0_111\bin\java.exe
0x00007ffd05030000 - 0x00007ffd0520b000 	C:\WINDOWS\SYSTEM32\ntdll.dll
0x00007ffd02670000 - 0x00007ffd0271e000 	C:\WINDOWS\System32\KERNEL32.DLL
0x00007ffd01610000 - 0x00007ffd01859000 	C:\WINDOWS\System32\KERNELBASE.dll
0x00007ffd02590000 - 0x00007ffd02631000 	C:\WINDOWS\System32\ADVAPI32.dll
0x00007ffd049a0000 - 0x00007ffd04a3d000 	C:\WINDOWS\System32\msvcrt.dll
0x00007ffd04930000 - 0x00007ffd04989000 	C:\WINDOWS\System32\sechost.dll
0x00007ffd02720000 - 0x00007ffd02845000 	C:\WINDOWS\System32\RPCRT4.dll
0x00007ffd02b20000 - 0x00007ffd02c6a000 	C:\WINDOWS\System32\USER32.dll
0x00007ffd01a30000 - 0x00007ffd01a4e000 	C:\WINDOWS\System32\win32u.dll
0x00007ffd02c70000 - 0x00007ffd02c97000 	C:\WINDOWS\System32\GDI32.dll
0x00007ffd02400000 - 0x00007ffd02587000 	C:\WINDOWS\System32\gdi32full.dll
0x00007ffd02360000 - 0x00007ffd023fa000 	C:\WINDOWS\System32\msvcp_win.dll
0x00007ffd02150000 - 0x00007ffd02246000 	C:\WINDOWS\System32\ucrtbase.dll
0x00007ffcf1400000 - 0x00007ffcf1667000 	C:\WINDOWS\WinSxS\amd64_microsoft.windows.common-controls_6595b64144ccf1df_6.0.15063.483_none_26002d27e7c744a2\COMCTL32.dll
0x00007ffd04630000 - 0x00007ffd04929000 	C:\WINDOWS\System32\combase.dll
0x00007ffd01550000 - 0x00007ffd015ba000 	C:\WINDOWS\System32\bcryptPrimitives.dll
0x00007ffd02640000 - 0x00007ffd0266d000 	C:\WINDOWS\System32\IMM32.DLL
0x00000000561a0000 - 0x0000000056272000 	D:\Programy\Java\jdk1.8.0_111\jre\bin\msvcr100.dll
0x0000000054bc0000 - 0x000000005545a000 	D:\Programy\Java\jdk1.8.0_111\jre\bin\server\jvm.dll
0x00007ffd02b10000 - 0x00007ffd02b18000 	C:\WINDOWS\System32\PSAPI.DLL
0x00007ffcfdc30000 - 0x00007ffcfdc53000 	C:\WINDOWS\SYSTEM32\WINMM.dll
0x00007ffcfd6c0000 - 0x00007ffcfd6c9000 	C:\WINDOWS\SYSTEM32\WSOCK32.dll
0x00007ffcf2c70000 - 0x00007ffcf2c7a000 	C:\WINDOWS\SYSTEM32\VERSION.dll
0x00007ffd04ba0000 - 0x00007ffd04c0c000 	C:\WINDOWS\System32\WS2_32.dll
0x00007ffcfdc00000 - 0x00007ffcfdc2b000 	C:\WINDOWS\SYSTEM32\winmmbase.dll
0x00007ffd015c0000 - 0x00007ffd01609000 	C:\WINDOWS\System32\cfgmgr32.dll
0x0000000057230000 - 0x000000005723f000 	D:\Programy\Java\jdk1.8.0_111\jre\bin\verify.dll
0x0000000057200000 - 0x0000000057229000 	D:\Programy\Java\jdk1.8.0_111\jre\bin\java.dll
0x0000000056170000 - 0x0000000056193000 	D:\Programy\Java\jdk1.8.0_111\jre\bin\instrument.dll
0x00000000571e0000 - 0x00000000571f6000 	D:\Programy\Java\jdk1.8.0_111\jre\bin\zip.dll
0x00007ffd02ca0000 - 0x00007ffd040d7000 	C:\WINDOWS\System32\SHELL32.dll
0x00007ffd04580000 - 0x00007ffd0462a000 	C:\WINDOWS\System32\shcore.dll
0x00007ffd01a50000 - 0x00007ffd02141000 	C:\WINDOWS\System32\windows.storage.dll
0x00007ffd04b40000 - 0x00007ffd04b91000 	C:\WINDOWS\System32\shlwapi.dll
0x00007ffd014a0000 - 0x00007ffd014b1000 	C:\WINDOWS\System32\kernel.appcore.dll
0x00007ffd01500000 - 0x00007ffd0154c000 	C:\WINDOWS\System32\powrprof.dll
0x00007ffd014c0000 - 0x00007ffd014d5000 	C:\WINDOWS\System32\profapi.dll
0x00007ffceab50000 - 0x00007ffceab6a000 	D:\Programy\IntelliJ IDEA Community Edition 2017.3\bin\breakgen64.dll
0x0000000056150000 - 0x000000005616a000 	D:\Programy\Java\jdk1.8.0_111\jre\bin\net.dll
0x00007ffd00d50000 - 0x00007ffd00dac000 	C:\WINDOWS\system32\mswsock.dll
0x0000000056120000 - 0x000000005612d000 	D:\Programy\Java\jdk1.8.0_111\jre\bin\management.dll
0x0000000056130000 - 0x0000000056141000 	D:\Programy\Java\jdk1.8.0_111\jre\bin\nio.dll
0x00007ffd00ef0000 - 0x00007ffd00f07000 	C:\WINDOWS\SYSTEM32\CRYPTSP.dll
0x00007ffd00970000 - 0x00007ffd009a4000 	C:\WINDOWS\system32\rsaenh.dll
0x00007ffd01370000 - 0x00007ffd01395000 	C:\WINDOWS\SYSTEM32\bcrypt.dll
0x00007ffd013a0000 - 0x00007ffd013c9000 	C:\WINDOWS\SYSTEM32\USERENV.dll
0x00007ffd00f10000 - 0x00007ffd00f1b000 	C:\WINDOWS\SYSTEM32\CRYPTBASE.dll
0x00007ffd00af0000 - 0x00007ffd00b27000 	C:\WINDOWS\SYSTEM32\IPHLPAPI.DLL
0x00007ffd04990000 - 0x00007ffd04998000 	C:\WINDOWS\System32\NSI.dll
0x00007ffcfab20000 - 0x00007ffcfab36000 	C:\WINDOWS\SYSTEM32\dhcpcsvc6.DLL
0x00007ffcfc600000 - 0x00007ffcfc61a000 	C:\WINDOWS\SYSTEM32\dhcpcsvc.DLL
0x0000000055f80000 - 0x0000000056118000 	D:\Programy\Java\jdk1.8.0_111\jre\bin\awt.dll
0x00007ffd04c20000 - 0x00007ffd04ce0000 	C:\WINDOWS\System32\OLEAUT32.dll
0x00007ffcffd00000 - 0x00007ffcffd7e000 	C:\WINDOWS\SYSTEM32\apphelp.dll
0x00007ffcf8820000 - 0x00007ffcf884a000 	C:\WINDOWS\system32\DWMAPI.DLL
0x00007ffcffda0000 - 0x00007ffcffe35000 	C:\WINDOWS\system32\uxtheme.dll
0x00007ffd02850000 - 0x00007ffd029b6000 	C:\WINDOWS\System32\MSCTF.dll
0x00007ffcea620000 - 0x00007ffcea668000 	C:\Program Files (x86)\TeamViewer\tv_x64.dll
0x00007ffd029c0000 - 0x00007ffd02b05000 	C:\WINDOWS\System32\ole32.dll
0x0000000055f70000 - 0x0000000055f77000 	D:\Programy\Java\jdk1.8.0_111\jre\bin\jawt.dll
0x00007ffca2cb0000 - 0x00007ffca6c5d000 	E:\IT Golo\chromium\app\chromium\libcef.dll
0x00007ffd04f20000 - 0x00007ffd05028000 	C:\WINDOWS\System32\COMDLG32.dll
0x00007ffd01860000 - 0x00007ffd01a29000 	C:\WINDOWS\System32\CRYPT32.dll
0x00007ffd014e0000 - 0x00007ffd014f1000 	C:\WINDOWS\System32\MSASN1.dll
0x00007ffcf1100000 - 0x00007ffcf1119000 	C:\WINDOWS\SYSTEM32\USP10.dll
0x00007ffce96a0000 - 0x00007ffce972a000 	C:\WINDOWS\SYSTEM32\WINSPOOL.DRV
0x00007ffcf1a60000 - 0x00007ffcf1b36000 	C:\WINDOWS\SYSTEM32\WINHTTP.dll
0x00007ffcfdf30000 - 0x00007ffcfdf43000 	C:\WINDOWS\SYSTEM32\WTSAPI32.dll
0x00007ffce8ed0000 - 0x00007ffce8f3b000 	C:\WINDOWS\SYSTEM32\OLEACC.dll
0x00007ffcf1b40000 - 0x00007ffcf1b4c000 	C:\WINDOWS\SYSTEM32\Secur32.dll
0x00007ffcf3920000 - 0x00007ffcf3ae7000 	C:\WINDOWS\SYSTEM32\urlmon.dll
0x00007ffcf3ca0000 - 0x00007ffcf3f2a000 	C:\WINDOWS\SYSTEM32\iertutil.dll
0x00007ffd013d0000 - 0x00007ffd01400000 	C:\WINDOWS\SYSTEM32\SSPICLI.DLL
0x00007ffcce0c0000 - 0x00007ffcce281000 	E:\IT Golo\chromium\app\chromium\jcef.dll
0x00007ffcf29b0000 - 0x00007ffcf2c6f000 	C:\WINDOWS\SYSTEM32\dwrite.dll
0x00007ffcfea60000 - 0x00007ffcfea78000 	C:\WINDOWS\system32\NLAapi.dll
0x00007ffcfc840000 - 0x00007ffcfc945000 	C:\WINDOWS\system32\audioses.dll
0x00007ffcfe660000 - 0x00007ffcfe799000 	C:\WINDOWS\SYSTEM32\wintypes.dll
0x00007ffcfd6d0000 - 0x00007ffcfd737000 	C:\WINDOWS\system32\MMDevAPI.DLL
0x00007ffcffe70000 - 0x00007ffcffe98000 	C:\WINDOWS\system32\DEVOBJ.dll
0x00007ffcfdd90000 - 0x00007ffcfdf26000 	C:\WINDOWS\system32\PROPSYS.dll
0x00007ffcfc750000 - 0x00007ffcfc75b000 	C:\WINDOWS\system32\AVRT.dll
0x00007ffd04ce0000 - 0x00007ffd04d7e000 	C:\WINDOWS\System32\clbcatq.dll
0x00007ffd040e0000 - 0x00007ffd0451b000 	C:\WINDOWS\System32\SETUPAPI.dll
0x00007ffd02300000 - 0x00007ffd02356000 	C:\WINDOWS\System32\WINTRUST.dll
0x0000000055f20000 - 0x0000000055f67000 	D:\Programy\Java\jdk1.8.0_111\jre\bin\fontmanager.dll
0x0000000055ed0000 - 0x0000000055f12000 	D:\Programy\Java\jdk1.8.0_111\jre\bin\t2k.dll
0x00007ffcf8360000 - 0x00007ffcf850c000 	C:\WINDOWS\SYSTEM32\WindowsCodecs.dll
0x00007ffcebfe0000 - 0x00007ffcec027000 	C:\WINDOWS\system32\dataexchange.dll
0x00007ffcff810000 - 0x00007ffcff932000 	C:\WINDOWS\system32\dcomp.dll
0x00007ffcff3a0000 - 0x00007ffcff67f000 	C:\WINDOWS\system32\d3d11.dll
0x00007ffd003a0000 - 0x00007ffd00444000 	C:\WINDOWS\system32\dxgi.dll
0x00007ffcffea0000 - 0x00007ffd00010000 	C:\WINDOWS\system32\twinapi.appcore.dll
0x00007ffcf4fd0000 - 0x00007ffcf5052000 	C:\WINDOWS\System32\TextInputFramework.dll
0x00007ffcf7f90000 - 0x00007ffcf8262000 	C:\WINDOWS\System32\CoreUIComponents.dll
0x00007ffcff680000 - 0x00007ffcff763000 	C:\WINDOWS\System32\CoreMessaging.dll
0x00007ffcfe7a0000 - 0x00007ffcfe7b5000 	C:\WINDOWS\SYSTEM32\usermgrcli.dll
0x00007ffd00660000 - 0x00007ffd00691000 	C:\WINDOWS\SYSTEM32\ntmarta.dll
0x0000000055ea0000 - 0x0000000055eca000 	D:\Programy\Java\jdk1.8.0_111\jre\bin\dcpr.dll
0x00007ffd01310000 - 0x00007ffd01365000 	C:\WINDOWS\SYSTEM32\WINSTA.dll
0x00007ffcf2790000 - 0x00007ffcf2818000 	C:\WINDOWS\system32\directmanipulation.dll
0x00007ffce9190000 - 0x00007ffce9339000 	C:\WINDOWS\SYSTEM32\dbghelp.dll

VM Arguments:
jvm_args: -ea -Didea.test.cyclic.buffer.size=4194304 -javaagent:D:\Programy\IntelliJ IDEA Community Edition 2017.3\lib\idea_rt.jar=53766:D:\Programy\IntelliJ IDEA Community Edition 2017.3\bin -Dfile.encoding=UTF-8 
java_command: com.intellij.rt.execution.junit.JUnitStarter -ideVersion5 -junit4 pl.itgolo.libs.chromium.BrowserSequenceFixTest,sequenceTests
java_class_path (initial): D:\Programy\IntelliJ IDEA Community Edition 2017.3\lib\idea_rt.jar;D:\Programy\IntelliJ IDEA Community Edition 2017.3\plugins\junit\lib\junit-rt.jar;D:\Programy\IntelliJ IDEA Community Edition 2017.3\plugins\junit\lib\junit5-rt.jar;D:\Programy\Java\jdk1.8.0_111\jre\lib\charsets.jar;D:\Programy\Java\jdk1.8.0_111\jre\lib\deploy.jar;D:\Programy\Java\jdk1.8.0_111\jre\lib\ext\access-bridge-64.jar;D:\Programy\Java\jdk1.8.0_111\jre\lib\ext\cldrdata.jar;D:\Programy\Java\jdk1.8.0_111\jre\lib\ext\dnsns.jar;D:\Programy\Java\jdk1.8.0_111\jre\lib\ext\jaccess.jar;D:\Programy\Java\jdk1.8.0_111\jre\lib\ext\jfxrt.jar;D:\Programy\Java\jdk1.8.0_111\jre\lib\ext\localedata.jar;D:\Programy\Java\jdk1.8.0_111\jre\lib\ext\nashorn.jar;D:\Programy\Java\jdk1.8.0_111\jre\lib\ext\sunec.jar;D:\Programy\Java\jdk1.8.0_111\jre\lib\ext\sunjce_provider.jar;D:\Programy\Java\jdk1.8.0_111\jre\lib\ext\sunmscapi.jar;D:\Programy\Java\jdk1.8.0_111\jre\lib\ext\sunpkcs11.jar;D:\Programy\Java\jdk1.8.0_111\jre\lib\ext\zipfs.jar;D:\Programy\Java\jdk1.8.0_111\jre\lib\javaws.jar;D:\Programy\Java\jdk1.8.0_111\jre\lib\jce.jar;D:\Programy\Java\jdk1.8.0_111\jre\lib\jfr.jar;D:\Programy\Java\jdk1.8.0_111\jre\lib\jfxswt.jar;D:\Programy\Java\jdk1.8.0_111\jre\lib\jsse.jar;D:\Programy\Java\jdk1.8.0_111\jre\lib\management-agent.jar;D:\Programy\Java\jdk1.8.0_111\jre\lib\plugin.jar;D:\Programy\Java\jdk1.8.0_111\jre\lib\resources.jar;D:\Programy\Java\jdk1.8.0_111\jre\lib\rt.jar;E:\IT Golo\chromium\out\functionalTest\classes;E:\IT Golo\chromium\out\functionalTest\resources;E:\IT Golo\chromium\out\production\classes;E:\IT Golo\chromium\out\production\resources;C:\Users\ITGolo\.gradle\caches\modules-2\files-2.1\net.java.dev.jna\jna-platform\4.5.0\ab163522ed76eb01c8c9a750dedacb134fc8c0\jna-platform-4.5.0.jar;C:\Users\ITGolo\.gradle\caches\modules-2\files-2.1\net.java.dev.jna\jna\4.5.0\55b548d3195efc5280bf1c3f17b49659c54dee40\jna-4.5.0.jar;C:\Users\ITGolo\.gradle\caches\modules-2\files-2.1\org.jsoup\jsoup
Launcher Type: SUN_STANDARD

Environment Variables:
JAVA_HOME=D:\Programy\Java\jdk1.8.0_111
USERNAME=ITGolo
OS=Windows_NT
PROCESSOR_IDENTIFIER=Intel64 Family 6 Model 78 Stepping 3, GenuineIntel



---------------  S Y S T E M  ---------------

OS: Windows 10.0 , 64 bit Build 15063 (10.0.15063.296)

CPU:total 4 (2 cores per cpu, 2 threads per core) family 6 model 78 stepping 3, cmov, cx8, fxsr, mmx, sse, sse2, sse3, ssse3, sse4.1, sse4.2, popcnt, avx, avx2, aes, clmul, erms, 3dnowpref, lzcnt, ht, tsc, tscinvbit, bmi1, bmi2, adx

Memory: 4k page, physical 12453788k(5433884k free), swap 13853596k(5051284k free)

vm_info: Java HotSpot(TM) 64-Bit Server VM (25.111-b14) for windows-amd64 JRE (1.8.0_111-b14), built on Sep 22 2016 19:24:05 by "java_re" with MS VC++ 10.0 (VS2010)

time: Wed Dec 13 22:27:04 2017
elapsed time: 4 seconds (0d 0h 0m 4s)

